2025-09-09 01:11:57,367 - INFO - Building the Front End of the App
2025-09-09 01:11:57,367 - INFO - Display the front end aspect
2025-09-09 01:11:57,367 - INFO - Create box field to get user data
2025-09-09 01:11:57,371 - INFO - Successfully completed front end build
2025-09-09 01:12:34,950 - INFO - Building the Front End of the App
2025-09-09 01:12:34,951 - INFO - Display the front end aspect
2025-09-09 01:12:35,165 - INFO - Create box field to get user data
2025-09-09 01:12:35,167 - INFO - Successfully completed front end build
2025-09-09 01:13:39,723 - INFO - Building the Front End of the App
2025-09-09 01:13:39,723 - INFO - Display the front end aspect
2025-09-09 01:13:39,909 - INFO - Create box field to get user data
2025-09-09 01:13:39,912 - INFO - Successfully completed front end build
2025-09-09 01:14:10,024 - INFO - Building the Front End of the App
2025-09-09 01:14:10,025 - INFO - Display the front end aspect
2025-09-09 01:14:10,025 - INFO - Create box field to get user data
2025-09-09 01:14:10,028 - INFO - Successfully completed front end build
2025-09-09 01:14:14,618 - INFO - Building the Front End of the App
2025-09-09 01:14:14,618 - INFO - Display the front end aspect
2025-09-09 01:14:14,618 - INFO - Create box field to get user data
2025-09-09 01:14:14,621 - INFO - Successfully completed front end build
2025-09-09 01:14:27,794 - INFO - Building the Front End of the App
2025-09-09 01:14:27,794 - INFO - Display the front end aspect
2025-09-09 01:14:27,795 - INFO - Create box field to get user data
2025-09-09 01:14:27,797 - INFO - Successfully completed front end build
2025-09-09 01:14:33,659 - INFO - Building the Front End of the App
2025-09-09 01:14:33,659 - INFO - Display the front end aspect
2025-09-09 01:14:33,659 - INFO - Create box field to get user data
2025-09-09 01:14:33,661 - INFO - Successfully completed front end build
2025-09-09 01:14:37,089 - INFO - Building the Front End of the App
2025-09-09 01:14:37,090 - INFO - Display the front end aspect
2025-09-09 01:14:37,090 - INFO - Create box field to get user data
2025-09-09 01:14:37,092 - INFO - Successfully completed front end build
2025-09-09 01:14:40,867 - INFO - Building the Front End of the App
2025-09-09 01:14:40,868 - INFO - Display the front end aspect
2025-09-09 01:14:40,868 - INFO - Create box field to get user data
2025-09-09 01:14:40,870 - INFO - Successfully completed front end build
2025-09-09 01:14:46,716 - INFO - Building the Front End of the App
2025-09-09 01:14:46,716 - INFO - Display the front end aspect
2025-09-09 01:14:46,716 - INFO - Create box field to get user data
2025-09-09 01:14:46,718 - INFO - Successfully completed front end build
2025-09-09 01:14:47,451 - INFO - Building the Front End of the App
2025-09-09 01:14:47,452 - INFO - Display the front end aspect
2025-09-09 01:14:47,452 - INFO - Create box field to get user data
2025-09-09 01:14:47,456 - INFO - Preprocessing user input
2025-09-09 01:14:47,461 - INFO - Preprocessing and prediction done successfully
2025-09-09 01:14:47,462 - INFO - Successfully completed front end build
2025-09-09 01:16:35,230 - INFO - Building the Front End of the App
2025-09-09 01:16:35,230 - INFO - Display the front end aspect
2025-09-09 01:16:35,230 - INFO - Create box field to get user data
2025-09-09 01:16:35,236 - INFO - Successfully completed front end build
2025-09-09 01:16:48,997 - INFO - Building the Front End of the App
2025-09-09 01:16:48,997 - INFO - Display the front end aspect
2025-09-09 01:16:48,997 - INFO - Create box field to get user data
2025-09-09 01:16:48,999 - INFO - Successfully completed front end build
2025-09-09 01:17:04,191 - INFO - Building the Front End of the App
2025-09-09 01:17:04,191 - INFO - Display the front end aspect
2025-09-09 01:17:04,192 - INFO - Create box field to get user data
2025-09-09 01:17:04,194 - INFO - Successfully completed front end build
2025-09-09 01:17:22,091 - INFO - Building the Front End of the App
2025-09-09 01:17:22,092 - INFO - Display the front end aspect
2025-09-09 01:17:22,093 - INFO - Create box field to get user data
2025-09-09 01:17:22,099 - INFO - Successfully completed front end build
2025-09-09 01:17:29,099 - INFO - Building the Front End of the App
2025-09-09 01:17:29,099 - INFO - Display the front end aspect
2025-09-09 01:17:29,100 - INFO - Create box field to get user data
2025-09-09 01:17:29,103 - INFO - Successfully completed front end build
2025-09-09 01:17:34,971 - INFO - Building the Front End of the App
2025-09-09 01:17:34,971 - INFO - Display the front end aspect
2025-09-09 01:17:34,972 - INFO - Create box field to get user data
2025-09-09 01:17:34,975 - INFO - Successfully completed front end build
2025-09-09 01:17:35,120 - INFO - Building the Front End of the App
2025-09-09 01:17:35,120 - INFO - Display the front end aspect
2025-09-09 01:17:35,120 - INFO - Create box field to get user data
2025-09-09 01:17:35,125 - INFO - Preprocessing user input
2025-09-09 01:17:35,127 - INFO - Preprocessing and prediction done successfully
2025-09-09 01:17:35,128 - INFO - Successfully completed front end build
